<?xml version="1.0" encoding="UTF-8" ?>
<testsuite errors="0" failures="1" hostname="Kenneths-MacBook-Air.local" name="test.AllTests" skipped="0" tests="6" time="0.101" timestamp="2019-07-30T03:09:08">
  <properties>
    <property name="java.vendor" value="Oracle Corporation" />
    <property name="sun.java.launcher" value="SUN_STANDARD" />
    <property name="env.XPC_SERVICE_NAME" value="com.apple.xpc.launchd.oneshot.0x10000003.eclipse" />
    <property name="sun.management.compiler" value="HotSpot 64-Bit Tiered Compilers" />
    <property name="env.SECURITYSESSIONID" value="186a8" />
    <property name="ant.file.StackAnnotationProject" value="/Users/phangty/Projects/StackAnnotation/build.xml" />
    <property name="os.name" value="Mac OS X" />
    <property name="sun.boot.class.path" value="/Library/Java/JavaVirtualMachines/jdk1.8.0_192.jdk/Contents/Home/jre/lib/resources.jar:/Library/Java/JavaVirtualMachines/jdk1.8.0_192.jdk/Contents/Home/jre/lib/rt.jar:/Library/Java/JavaVirtualMachines/jdk1.8.0_192.jdk/Contents/Home/jre/lib/sunrsasign.jar:/Library/Java/JavaVirtualMachines/jdk1.8.0_192.jdk/Contents/Home/jre/lib/jsse.jar:/Library/Java/JavaVirtualMachines/jdk1.8.0_192.jdk/Contents/Home/jre/lib/jce.jar:/Library/Java/JavaVirtualMachines/jdk1.8.0_192.jdk/Contents/Home/jre/lib/charsets.jar:/Library/Java/JavaVirtualMachines/jdk1.8.0_192.jdk/Contents/Home/jre/lib/jfr.jar:/Library/Java/JavaVirtualMachines/jdk1.8.0_192.jdk/Contents/Home/jre/classes" />
    <property name="env.TMPDIR" value="/var/folders/hn/175lmhf51xn82bw1c3kd9r7h0000gn/T/" />
    <property name="env.JAVA_STARTED_ON_FIRST_THREAD_14590" value="1" />
    <property name="java.vm.specification.vendor" value="Oracle Corporation" />
    <property name="ant.home" value="/Applications/Eclipse.app/Contents/Eclipse/plugins/org.apache.ant_1.10.5.v20190526-1402" />
    <property name="java.runtime.version" value="1.8.0_192-b12" />
    <property name="env.Apple_PubSub_Socket_Render" value="/private/tmp/com.apple.launchd.aM4EonCDIw/Render" />
    <property name="env.DISPLAY" value="/private/tmp/com.apple.launchd.C2KkCe8agX/org.macosforge.xquartz:0" />
    <property name="user.name" value="phangty" />
    <property name="env.USER" value="phangty" />
    <property name="env.SHELL" value="/bin/bash" />
    <property name="env.__CF_USER_TEXT_ENCODING" value="0x1F5:0x0:0x64" />
    <property name="env.PATH" value="/usr/bin:/bin:/usr/sbin:/sbin" />
    <property name="user.language" value="en" />
    <property name="sun.boot.library.path" value="/Library/Java/JavaVirtualMachines/jdk1.8.0_192.jdk/Contents/Home/jre/lib" />
    <property name="ant.project.default-target" value="build" />
    <property name="env.XPC_FLAGS" value="0x0" />
    <property name="ant.project.name" value="StackAnnotationProject" />
    <property name="env.JAVA_MAIN_CLASS_14590" value="org.eclipse.ant.internal.launching.remote.InternalAntRunner" />
    <property name="java.version" value="1.8.0_192" />
    <property name="user.timezone" value="" />
    <property name="sun.arch.data.model" value="64" />
    <property name="http.nonProxyHosts" value="local|*.local|169.254/16|*.169.254/16" />
    <property name="java.endorsed.dirs" value="/Library/Java/JavaVirtualMachines/jdk1.8.0_192.jdk/Contents/Home/jre/lib/endorsed" />
    <property name="sun.cpu.isalist" value="" />
    <property name="env.JAVA_STARTED_ON_FIRST_THREAD_381" value="1" />
    <property name="sun.jnu.encoding" value="UTF-8" />
    <property name="ant.file.type.StackAnnotationProject" value="file" />
    <property name="file.encoding.pkg" value="sun.io" />
    <property name="ECLIPSE_HOME" value="../../eclipse" />
    <property name="file.separator" value="/" />
    <property name="java.specification.name" value="Java Platform API Specification" />
    <property name="java.class.version" value="52.0" />
    <property name="user.country" value="SG" />
    <property name="java.home" value="/Library/Java/JavaVirtualMachines/jdk1.8.0_192.jdk/Contents/Home/jre" />
    <property name="java.vm.info" value="mixed mode" />
    <property name="env.LOGNAME" value="phangty" />
    <property name="ant.file" value="/Users/phangty/Projects/StackAnnotation/build.xml" />
    <property name="os.version" value="10.13.6" />
    <property name="path.separator" value=":" />
    <property name="java.vm.version" value="25.192-b12" />
    <property name="ant.library.dir" value="/Applications/Eclipse.app/Contents/Eclipse/plugins/org.apache.ant_1.10.5.v20190526-1402/lib" />
    <property name="junit.output.dir" value="junit" />
    <property name="java.awt.printerjob" value="sun.lwawt.macosx.CPrinterJob" />
    <property name="sun.io.unicode.encoding" value="UnicodeBig" />
    <property name="awt.toolkit" value="sun.lwawt.macosx.LWCToolkit" />
    <property name="socksNonProxyHosts" value="local|*.local|169.254/16|*.169.254/16" />
    <property name="ftp.nonProxyHosts" value="local|*.local|169.254/16|*.169.254/16" />
    <property name="user.home" value="/Users/phangty" />
    <property name="target" value="1.7" />
    <property name="java.specification.vendor" value="Oracle Corporation" />
    <property name="java.library.path" value="/Users/phangty/Library/Java/Extensions:/Library/Java/Extensions:/Network/Library/Java/Extensions:/System/Library/Java/Extensions:/usr/lib/java:." />
    <property name="java.vendor.url" value="http://java.oracle.com/" />
    <property name="java.vm.vendor" value="Oracle Corporation" />
    <property name="gopherProxySet" value="false" />
    <property name="java.runtime.name" value="Java(TM) SE Runtime Environment" />
    <property name="sun.java.command" value="org.apache.tools.ant.taskdefs.optional.junit.JUnitTestRunner test.AllTests skipNonTests=false filtertrace=true haltOnError=false haltOnFailure=false formatter=org.apache.tools.ant.taskdefs.optional.junit.OutErrSummaryJUnitResultFormatter showoutput=false outputtoformatters=true logfailedtests=true threadid=0 logtestlistenerevents=false formatter=org.apache.tools.ant.taskdefs.optional.junit.XMLJUnitResultFormatter,/Users/phangty/Projects/StackAnnotation/junit/TEST-test.AllTests.xml crashfile=/Users/phangty/Projects/StackAnnotation/junitvmwatcher9152733249335725968.properties propsfile=/Users/phangty/Projects/StackAnnotation/junit2797826337303602847.properties" />
    <property name="java.class.path" value="/Users/phangty/Projects/StackAnnotation/bin:/Users/phangty/Projects/StackAnnotation/lib/junit-4.11.jar:/Users/phangty/Projects/StackAnnotation/lib/hamcrest-core-1.3.jar:/Applications/Eclipse.app/Contents/Eclipse/plugins/org.apache.ant_1.10.5.v20190526-1402/lib/ant-launcher.jar:/Applications/Eclipse.app/Contents/Eclipse/plugins/org.apache.ant_1.10.5.v20190526-1402/lib/ant.jar:/Applications/Eclipse.app/Contents/Eclipse/plugins/org.apache.ant_1.10.5.v20190526-1402/lib/ant-junit.jar:/Applications/Eclipse.app/Contents/Eclipse/plugins/org.apache.ant_1.10.5.v20190526-1402/lib/ant-junit4.jar" />
    <property name="ant.version" value="Apache Ant(TM) version 1.10.5 compiled on July 10 2018" />
    <property name="java.vm.specification.name" value="Java Virtual Machine Specification" />
    <property name="java.vm.specification.version" value="1.8" />
    <property name="sun.cpu.endian" value="little" />
    <property name="sun.os.patch.level" value="unknown" />
    <property name="env.HOME" value="/Users/phangty" />
    <property name="debuglevel" value="source,lines,vars" />
    <property name="env.ANT_HOME" value="/Applications/Eclipse.app/Contents/Eclipse/plugins/org.apache.ant_1.10.5.v20190526-1402" />
    <property name="java.io.tmpdir" value="/var/folders/hn/175lmhf51xn82bw1c3kd9r7h0000gn/T/" />
    <property name="java.vendor.url.bug" value="http://bugreport.sun.com/bugreport/" />
    <property name="env.SSH_AUTH_SOCK" value="/private/tmp/com.apple.launchd.x4aoBfcz8U/Listeners" />
    <property name="env.COMMAND_MODE" value="unix2003" />
    <property name="java.awt.graphicsenv" value="sun.awt.CGraphicsEnvironment" />
    <property name="os.arch" value="x86_64" />
    <property name="env.APP_ICON_381" value="../Resources/Eclipse.icns" />
    <property name="java.ext.dirs" value="/Users/phangty/Library/Java/Extensions:/Library/Java/JavaVirtualMachines/jdk1.8.0_192.jdk/Contents/Home/jre/lib/ext:/Library/Java/Extensions:/Network/Library/Java/Extensions:/System/Library/Java/Extensions:/usr/lib/java" />
    <property name="user.dir" value="/Users/phangty/Projects/StackAnnotation" />
    <property name="line.separator" value="&#xa;" />
    <property name="java.vm.name" value="Java HotSpot(TM) 64-Bit Server VM" />
    <property name="basedir" value="/Users/phangty/Projects/StackAnnotation" />
    <property name="ant.java.version" value="1.8" />
    <property name="ant.core.lib" value="/Applications/Eclipse.app/Contents/Eclipse/plugins/org.apache.ant_1.10.5.v20190526-1402/lib/ant.jar" />
    <property name="source" value="1.7" />
    <property name="file.encoding" value="UTF-8" />
    <property name="java.specification.version" value="1.8" />
    <property name="ant.project.invoked-targets" value="build" />
  </properties>
  <testcase classname="test.MyStringStackTest" name="testStackNull" time="0.003" />
  <testcase classname="test.MyStringStackTest" name="testPop" time="0.001" />
  <testcase classname="test.MyStringStackTest" name="testClear" time="0.0" />
  <testcase classname="test.MyStringStackTest" name="testPush" time="0.006">
    <failure type="junit.framework.AssertionFailedError">junit.framework.AssertionFailedError
	at test.MyStringStackTest.testPush(MyStringStackTest.java:37)
</failure>
  </testcase>
  <testcase classname="test.MyStringStackTest" name="testStackSequence" time="0.0" />
  <testcase classname="test.MyStringStackTest" name="testIsEmpty" time="0.0" />
  <system-out><![CDATA[Test for default package
hello
hello
hello
hello
hello
hello
]]></system-out>
  <system-err><![CDATA[]]></system-err>
</testsuite>
